2025-04-10 18:16:28,792 - trade_analyzer - INFO - Logger initialized
2025-04-10 18:16:28,797 - trade_analyzer.src.data.alphavantage - INFO - API call: get_quote_data
2025-04-10 18:16:28,797 - trade_analyzer.src.data.alphavantage - INFO - API call: get_quote_data
2025-04-10 18:16:28,802 - trade_analyzer.src.data.alphavantage - INFO - API call: get_quote_data
2025-04-10 18:16:28,802 - trade_analyzer.src.data.alphavantage - INFO - API call: get_quote_data
2025-04-10 18:16:28,803 - trade_analyzer.src.data.alphavantage - ERROR - Error fetching quote data for AAPL: Network Error
2025-04-10 18:16:28,803 - trade_analyzer.src.data.alphavantage - ERROR - Error fetching quote data for AAPL: Network Error
2025-04-10 18:16:28,803 - trade_analyzer.src.data.alphavantage - INFO - API call: get_quote_data
2025-04-10 18:16:28,803 - trade_analyzer.src.data.alphavantage - INFO - API call: get_quote_data
2025-04-10 18:16:28,804 - trade_analyzer.src.data.alphavantage - ERROR - Error fetching quote data for AAPL: Invalid JSON
2025-04-10 18:16:28,804 - trade_analyzer.src.data.alphavantage - ERROR - Error fetching quote data for AAPL: Invalid JSON
2025-04-10 18:16:28,804 - trade_analyzer.src.data.alphavantage - INFO - API call: get_quote_data
2025-04-10 18:16:28,804 - trade_analyzer.src.data.alphavantage - INFO - API call: get_quote_data
2025-04-10 18:16:28,804 - trade_analyzer.src.data.alphavantage - ERROR - Invalid response for AAPL: {}
2025-04-10 18:16:28,804 - trade_analyzer.src.data.alphavantage - ERROR - Invalid response for AAPL: {}
2025-04-10 18:16:28,805 - trade_analyzer.src.data.alphavantage - INFO - API call: get_all_symbols
2025-04-10 18:16:28,805 - trade_analyzer.src.data.alphavantage - INFO - API call: get_all_symbols
2025-04-10 18:16:28,806 - trade_analyzer.src.data.alphavantage - INFO - API call: get_all_symbols
2025-04-10 18:16:28,806 - trade_analyzer.src.data.alphavantage - INFO - API call: get_all_symbols
2025-04-10 18:16:28,806 - trade_analyzer.src.data.alphavantage - ERROR - Error fetching symbols: API Error
2025-04-10 18:16:28,806 - trade_analyzer.src.data.alphavantage - ERROR - Error fetching symbols: API Error
2025-04-10 18:16:28,807 - trade_analyzer.src.data.alphavantage - INFO - API call: get_market_data
2025-04-10 18:16:28,807 - trade_analyzer.src.data.alphavantage - INFO - API call: get_market_data
2025-04-10 18:16:28,807 - trade_analyzer.src.data.alphavantage - INFO - API call: get_all_symbols
2025-04-10 18:16:28,807 - trade_analyzer.src.data.alphavantage - INFO - API call: get_all_symbols
2025-04-10 18:16:28,808 - trade_analyzer.src.data.alphavantage - INFO - API call: get_quote_data
2025-04-10 18:16:28,808 - trade_analyzer.src.data.alphavantage - INFO - API call: get_quote_data
2025-04-10 18:16:28,808 - trade_analyzer.src.data.alphavantage - INFO - API call: get_quote_data
2025-04-10 18:16:28,808 - trade_analyzer.src.data.alphavantage - INFO - API call: get_quote_data
2025-04-10 18:16:28,808 - trade_analyzer.src.data.alphavantage - INFO - API call: get_market_data
2025-04-10 18:16:28,808 - trade_analyzer.src.data.alphavantage - INFO - API call: get_market_data
2025-04-10 18:16:28,808 - trade_analyzer.src.data.alphavantage - INFO - API call: get_all_symbols
2025-04-10 18:16:28,808 - trade_analyzer.src.data.alphavantage - INFO - API call: get_all_symbols
2025-04-10 18:16:28,809 - trade_analyzer.src.data.alphavantage - ERROR - Error fetching symbols: API Error
2025-04-10 18:16:28,809 - trade_analyzer.src.data.alphavantage - ERROR - Error fetching symbols: API Error
2025-04-10 18:16:28,810 - trade_analyzer.src.data.alphavantage - INFO - API call: get_quote_data
2025-04-10 18:16:28,810 - trade_analyzer.src.data.alphavantage - INFO - API call: get_quote_data
2025-04-10 18:16:28,810 - trade_analyzer.src.data.alphavantage - INFO - API call: get_quote_data
2025-04-10 18:16:28,810 - trade_analyzer.src.data.alphavantage - INFO - API call: get_quote_data
2025-04-10 18:16:28,810 - trade_analyzer.src.data.alphavantage - ERROR - Invalid response for INVALID: {'Error Message': 'Invalid API call'}
2025-04-10 18:16:28,810 - trade_analyzer.src.data.alphavantage - ERROR - Invalid response for INVALID: {'Error Message': 'Invalid API call'}
2025-04-10 18:16:28,811 - trade_analyzer.src.data.alphavantage - INFO - API call: get_technical_indicators
2025-04-10 18:16:28,811 - trade_analyzer.src.data.alphavantage - INFO - API call: get_technical_indicators
2025-04-10 18:16:28,812 - trade_analyzer.src.data.alphavantage - ERROR - Error fetching MACD for AAPL: {'Technical Analysis: RSI': {'2023-01-01': {'RSI': '55.0000'}}}
2025-04-10 18:16:28,812 - trade_analyzer.src.data.alphavantage - ERROR - Error fetching MACD for AAPL: {'Technical Analysis: RSI': {'2023-01-01': {'RSI': '55.0000'}}}
2025-04-10 18:16:28,812 - trade_analyzer.src.data.alphavantage - INFO - API call: get_technical_indicators
2025-04-10 18:16:28,812 - trade_analyzer.src.data.alphavantage - INFO - API call: get_technical_indicators
2025-04-10 18:16:28,812 - trade_analyzer.src.data.alphavantage - ERROR - Error fetching RSI for AAPL: API Error
2025-04-10 18:16:28,812 - trade_analyzer.src.data.alphavantage - ERROR - Error fetching RSI for AAPL: API Error
2025-04-10 18:16:28,813 - trade_analyzer.src.data.alphavantage - ERROR - Error fetching MACD for AAPL: API Error
2025-04-10 18:16:28,813 - trade_analyzer.src.data.alphavantage - ERROR - Error fetching MACD for AAPL: API Error
2025-04-10 18:16:28,813 - trade_analyzer.src.data.alphavantage - ERROR - Error fetching SMA for AAPL: API Error
2025-04-10 18:16:28,813 - trade_analyzer.src.data.alphavantage - ERROR - Error fetching SMA for AAPL: API Error
2025-04-10 18:16:28,814 - trade_analyzer.src.data.alphavantage - INFO - API call: get_quote_data
2025-04-10 18:16:28,814 - trade_analyzer.src.data.alphavantage - INFO - API call: get_quote_data
2025-04-10 18:16:28,814 - trade_analyzer.src.data.api_key_manager - WARNING - API key DEMO_KEY1 has reached its rate limit
2025-04-10 18:16:28,814 - trade_analyzer.src.data.api_key_manager - WARNING - API key DEMO_KEY1 has reached its rate limit
2025-04-10 18:16:28,815 - trade_analyzer.src.data.alphavantage - INFO - API call: get_quote_data
2025-04-10 18:16:28,815 - trade_analyzer.src.data.alphavantage - INFO - API call: get_quote_data
2025-04-10 18:16:28,815 - trade_analyzer.src.data.api_key_manager - WARNING - API key DEMO_KEY2 has reached its rate limit
2025-04-10 18:16:28,815 - trade_analyzer.src.data.api_key_manager - WARNING - API key DEMO_KEY2 has reached its rate limit
2025-04-10 18:16:28,815 - trade_analyzer.src.data.alphavantage - INFO - API call: get_quote_data
2025-04-10 18:16:28,815 - trade_analyzer.src.data.alphavantage - INFO - API call: get_quote_data
2025-04-10 18:16:28,815 - trade_analyzer.src.data.api_key_manager - WARNING - API key DEMO_KEY3 has reached its rate limit
2025-04-10 18:16:28,815 - trade_analyzer.src.data.api_key_manager - WARNING - API key DEMO_KEY3 has reached its rate limit
2025-04-10 18:16:28,815 - trade_analyzer.src.data.alphavantage - INFO - API call: get_quote_data
2025-04-10 18:16:28,815 - trade_analyzer.src.data.alphavantage - INFO - API call: get_quote_data
2025-04-10 18:16:28,815 - trade_analyzer.src.data.api_key_manager - WARNING - API key DEMO_KEY4 has reached its rate limit
2025-04-10 18:16:28,815 - trade_analyzer.src.data.api_key_manager - WARNING - API key DEMO_KEY4 has reached its rate limit
2025-04-10 18:16:28,816 - trade_analyzer.src.data.alphavantage - INFO - API call: get_quote_data
2025-04-10 18:16:28,816 - trade_analyzer.src.data.alphavantage - INFO - API call: get_quote_data
2025-04-10 18:16:28,816 - trade_analyzer.src.data.api_key_manager - WARNING - API key DEMO_KEY5 has reached its rate limit
2025-04-10 18:16:28,816 - trade_analyzer.src.data.api_key_manager - WARNING - API key DEMO_KEY5 has reached its rate limit
2025-04-10 18:16:28,816 - trade_analyzer.src.data.alphavantage - INFO - API call: get_quote_data
2025-04-10 18:16:28,816 - trade_analyzer.src.data.alphavantage - INFO - API call: get_quote_data
2025-04-10 18:16:28,816 - trade_analyzer.src.data.api_key_manager - WARNING - API key test_api_key has reached its rate limit
2025-04-10 18:16:28,816 - trade_analyzer.src.data.api_key_manager - WARNING - API key test_api_key has reached its rate limit
2025-04-10 18:16:28,816 - trade_analyzer.src.data.alphavantage - INFO - API call: get_quote_data
2025-04-10 18:16:28,816 - trade_analyzer.src.data.alphavantage - INFO - API call: get_quote_data
2025-04-10 18:16:28,816 - trade_analyzer.src.data.api_key_manager - WARNING - No API keys available. Waiting for rate limit reset...
2025-04-10 18:16:28,816 - trade_analyzer.src.data.api_key_manager - WARNING - No API keys available. Waiting for rate limit reset...
2025-04-10 18:17:28,877 - trade_analyzer.src.data.api_key_manager - WARNING - No API keys available. Waiting for rate limit reset...
2025-04-10 18:17:28,877 - trade_analyzer.src.data.api_key_manager - WARNING - No API keys available. Waiting for rate limit reset...
2025-04-10 18:18:34,923 - trade_analyzer.src.data.api_key_manager - WARNING - No API keys available. Waiting for rate limit reset...
2025-04-10 18:18:34,923 - trade_analyzer.src.data.api_key_manager - WARNING - No API keys available. Waiting for rate limit reset...
